<?xml version="1.0" encoding="UTF-8"?>
<testng-results skipped="0" failed="0" ignored="0" total="1" passed="1">
  <reporter-output>
  </reporter-output>
  <suite name="Default suite" duration-ms="4571" started-at="2022-10-09T02:01:08Z" finished-at="2022-10-09T02:01:13Z">
    <groups>
    </groups>
    <test name="Default test" duration-ms="4571" started-at="2022-10-09T02:01:08Z" finished-at="2022-10-09T02:01:13Z">
      <class name="bookstore">
        <test-method status="PASS" signature="getbook()[pri:0, instance:bookstore@be92ad]" name="getbook" duration-ms="4499" started-at="2022-10-09T02:01:08Z" finished-at="2022-10-09T02:01:13Z">
          <reporter-output>
          </reporter-output>
        </test-method> <!-- getbook -->
      </class> <!-- bookstore -->
    </test> <!-- Default test -->
  </suite> <!-- Default suite -->
</testng-results>
